This is pdfTeX, Version 3.1415926-2.5-1.40.14 (TeX Live 2013/Debian) (format=pdflatex 2015.12.26)  26 DEC 2015 18:00
entering extended mode
 restricted \write18 enabled.
 %&-line parsing enabled.
**/home/willem/cs233-win-15-pardo-wlongendyke/chirc/doc/chirc_project_specifica
tion.tex

(/home/willem/cs233-win-15-pardo-wlongendyke/chirc/doc/chirc_project_specificat
ion.tex
LaTeX2e <2011/06/27>
Babel <3.9h> and hyphenation patterns for 2 languages loaded.
(/usr/share/texlive/texmf-dist/tex/latex/base/article.cls
Document Class: article 2007/10/19 v1.4h Standard LaTeX document class
(/usr/share/texlive/texmf-dist/tex/latex/base/size10.clo
File: size10.clo 2007/10/19 v1.4h Standard LaTeX file (size option)
)
\c@part=\count79
\c@section=\count80
\c@subsection=\count81
\c@subsubsection=\count82
\c@paragraph=\count83
\c@subparagraph=\count84
\c@figure=\count85
\c@table=\count86
\abovecaptionskip=\skip41
\belowcaptionskip=\skip42
\bibindent=\dimen102
)
(/usr/share/texlive/texmf-dist/tex/latex/graphics/graphicx.sty
Package: graphicx 1999/02/16 v1.0f Enhanced LaTeX Graphics (DPC,SPQR)

(/usr/share/texlive/texmf-dist/tex/latex/graphics/keyval.sty
Package: keyval 1999/03/16 v1.13 key=value parser (DPC)
\KV@toks@=\toks14
)
(/usr/share/texlive/texmf-dist/tex/latex/graphics/graphics.sty
Package: graphics 2009/02/05 v1.0o Standard LaTeX Graphics (DPC,SPQR)

(/usr/share/texlive/texmf-dist/tex/latex/graphics/trig.sty
Package: trig 1999/03/16 v1.09 sin cos tan (DPC)
)
(/usr/share/texlive/texmf-dist/tex/latex/latexconfig/graphics.cfg
File: graphics.cfg 2010/04/23 v1.9 graphics configuration of TeX Live
)
Package graphics Info: Driver file: pdftex.def on input line 91.

(/usr/share/texlive/texmf-dist/tex/latex/pdftex-def/pdftex.def
File: pdftex.def 2011/05/27 v0.06d Graphics/color for pdfTeX

(/usr/share/texlive/texmf-dist/tex/generic/oberdiek/infwarerr.sty
Package: infwarerr 2010/04/08 v1.3 Providing info/warning/error messages (HO)
)
(/usr/share/texlive/texmf-dist/tex/generic/oberdiek/ltxcmds.sty
Package: ltxcmds 2011/11/09 v1.22 LaTeX kernel commands for general use (HO)
)
\Gread@gobject=\count87
))
\Gin@req@height=\dimen103
\Gin@req@width=\dimen104
)
(/usr/share/texlive/texmf-dist/tex/latex/url/url.sty
\Urlmuskip=\muskip10
Package: url 2013/09/16  ver 3.4  Verb mode for urls, etc.
)
(/usr/share/texlive/texmf-dist/tex/latex/hyperref/hyperref.sty
Package: hyperref 2012/11/06 v6.83m Hypertext links for LaTeX

(/usr/share/texlive/texmf-dist/tex/generic/oberdiek/hobsub-hyperref.sty
Package: hobsub-hyperref 2012/05/28 v1.13 Bundle oberdiek, subset hyperref (HO)


(/usr/share/texlive/texmf-dist/tex/generic/oberdiek/hobsub-generic.sty
Package: hobsub-generic 2012/05/28 v1.13 Bundle oberdiek, subset generic (HO)
Package: hobsub 2012/05/28 v1.13 Construct package bundles (HO)
Package hobsub Info: Skipping package `infwarerr' (already loaded).
Package hobsub Info: Skipping package `ltxcmds' (already loaded).
Package: ifluatex 2010/03/01 v1.3 Provides the ifluatex switch (HO)
Package ifluatex Info: LuaTeX not detected.
Package: ifvtex 2010/03/01 v1.5 Detect VTeX and its facilities (HO)
Package ifvtex Info: VTeX not detected.
Package: intcalc 2007/09/27 v1.1 Expandable calculations with integers (HO)
Package: ifpdf 2011/01/30 v2.3 Provides the ifpdf switch (HO)
Package ifpdf Info: pdfTeX in PDF mode is detected.
Package: etexcmds 2011/02/16 v1.5 Avoid name clashes with e-TeX commands (HO)
Package etexcmds Info: Could not find \expanded.
(etexcmds)             That can mean that you are not using pdfTeX 1.50 or
(etexcmds)             that some package has redefined \expanded.
(etexcmds)             In the latter case, load this package earlier.
Package: kvsetkeys 2012/04/25 v1.16 Key value parser (HO)
Package: kvdefinekeys 2011/04/07 v1.3 Define keys (HO)
Package: pdftexcmds 2011/11/29 v0.20 Utility functions of pdfTeX for LuaTeX (HO
)
Package pdftexcmds Info: LuaTeX not detected.
Package pdftexcmds Info: \pdf@primitive is available.
Package pdftexcmds Info: \pdf@ifprimitive is available.
Package pdftexcmds Info: \pdfdraftmode found.
Package: pdfescape 2011/11/25 v1.13 Implements pdfTeX's escape features (HO)
Package: bigintcalc 2012/04/08 v1.3 Expandable calculations on big integers (HO
)
Package: bitset 2011/01/30 v1.1 Handle bit-vector datatype (HO)
Package: uniquecounter 2011/01/30 v1.2 Provide unlimited unique counter (HO)
)
Package hobsub Info: Skipping package `hobsub' (already loaded).
Package: letltxmacro 2010/09/02 v1.4 Let assignment for LaTeX macros (HO)
Package: hopatch 2012/05/28 v1.2 Wrapper for package hooks (HO)
Package: xcolor-patch 2011/01/30 xcolor patch
Package: atveryend 2011/06/30 v1.8 Hooks at the very end of document (HO)
Package atveryend Info: \enddocument detected (standard20110627).
Package: atbegshi 2011/10/05 v1.16 At begin shipout hook (HO)
Package: refcount 2011/10/16 v3.4 Data extraction from label references (HO)
Package: hycolor 2011/01/30 v1.7 Color options for hyperref/bookmark (HO)
)
(/usr/share/texlive/texmf-dist/tex/generic/ifxetex/ifxetex.sty
Package: ifxetex 2010/09/12 v0.6 Provides ifxetex conditional
)
(/usr/share/texlive/texmf-dist/tex/latex/oberdiek/auxhook.sty
Package: auxhook 2011/03/04 v1.3 Hooks for auxiliary files (HO)
)
(/usr/share/texlive/texmf-dist/tex/latex/oberdiek/kvoptions.sty
Package: kvoptions 2011/06/30 v3.11 Key value format for package options (HO)
)
\@linkdim=\dimen105
\Hy@linkcounter=\count88
\Hy@pagecounter=\count89

(/usr/share/texlive/texmf-dist/tex/latex/hyperref/pd1enc.def
File: pd1enc.def 2012/11/06 v6.83m Hyperref: PDFDocEncoding definition (HO)
)
\Hy@SavedSpaceFactor=\count90

(/usr/share/texlive/texmf-dist/tex/latex/latexconfig/hyperref.cfg
File: hyperref.cfg 2002/06/06 v1.2 hyperref configuration of TeXLive
)
Package hyperref Info: Hyper figures OFF on input line 4443.
Package hyperref Info: Link nesting OFF on input line 4448.
Package hyperref Info: Hyper index ON on input line 4451.
Package hyperref Info: Plain pages OFF on input line 4458.
Package hyperref Info: Backreferencing OFF on input line 4463.
Package hyperref Info: Implicit mode ON; LaTeX internals redefined.
Package hyperref Info: Bookmarks ON on input line 4688.
\c@Hy@tempcnt=\count91
LaTeX Info: Redefining \url on input line 5041.
\XeTeXLinkMargin=\dimen106
\Fld@menulength=\count92
\Field@Width=\dimen107
\Fld@charsize=\dimen108
Package hyperref Info: Hyper figures OFF on input line 6295.
Package hyperref Info: Link nesting OFF on input line 6300.
Package hyperref Info: Hyper index ON on input line 6303.
Package hyperref Info: backreferencing OFF on input line 6310.
Package hyperref Info: Link coloring OFF on input line 6315.
Package hyperref Info: Link coloring with OCG OFF on input line 6320.
Package hyperref Info: PDF/A mode OFF on input line 6325.
LaTeX Info: Redefining \ref on input line 6365.
LaTeX Info: Redefining \pageref on input line 6369.
\Hy@abspage=\count93
\c@Item=\count94
\c@Hfootnote=\count95
)

Package hyperref Message: Driver (autodetected): hpdftex.

(/usr/share/texlive/texmf-dist/tex/latex/hyperref/hpdftex.def
File: hpdftex.def 2012/11/06 v6.83m Hyperref driver for pdfTeX
\Fld@listcount=\count96
\c@bookmark@seq@number=\count97

(/usr/share/texlive/texmf-dist/tex/latex/oberdiek/rerunfilecheck.sty
Package: rerunfilecheck 2011/04/15 v1.7 Rerun checks for auxiliary files (HO)
Package uniquecounter Info: New unique counter `rerunfilecheck' on input line 2
82.
)
\Hy@SectionHShift=\skip43
)
(/usr/share/texlive/texmf-dist/tex/latex/rotating/rotating.sty
Package: rotating 2009/03/28 v2.16a rotated objects in LaTeX

(/usr/share/texlive/texmf-dist/tex/latex/base/ifthen.sty
Package: ifthen 2001/05/26 v1.1c Standard LaTeX ifthen package (DPC)
)
\c@r@tfl@t=\count98
\rotFPtop=\skip44
\rotFPbot=\skip45
\rot@float@box=\box26
\rot@mess@toks=\toks15
)
(/usr/share/texlive/texmf-dist/tex/latex/graphics/color.sty
Package: color 2005/11/14 v1.0j Standard LaTeX Color (DPC)

(/usr/share/texlive/texmf-dist/tex/latex/latexconfig/color.cfg
File: color.cfg 2007/01/18 v1.5 color configuration of teTeX/TeXLive
)
Package color Info: Driver file: pdftex.def on input line 130.
)
(/usr/share/texlive/texmf-dist/tex/latex/fancybox/fancybox.sty
Package: fancybox 2010/05/15 1.4

Style option: `fancybox' v1.4 <2010/05/15> (tvz)
\@fancybox=\box27
\shadowsize=\dimen109
\@Sbox=\box28
\do@VerbBox=\toks16
\the@fancyput=\toks17
\this@fancyput=\toks18
\EndVerbatimTokens=\toks19
\Verbatim@Outfile=\write3
\Verbatim@Infile=\read1
) (/usr/share/texlive/texmf-dist/tex/latex/fancyvrb/fancyvrb.sty
Package: fancyvrb 2008/02/07

Style option: `fancyvrb' v2.7a, with DG/SPQR fixes, and firstline=lastline fix 
<2008/02/07> (tvz)
\FV@CodeLineNo=\count99
\FV@InFile=\read2
\FV@TabBox=\box29
\c@FancyVerbLine=\count100
\FV@StepNumber=\count101
\FV@OutFile=\write4
) (/usr/share/texlive/texmf-dist/tex/latex/base/fontenc.sty
Package: fontenc 2005/09/27 v1.99g Standard LaTeX package

(/usr/share/texlive/texmf-dist/tex/latex/base/t1enc.def
File: t1enc.def 2005/09/27 v1.99g Standard LaTeX file
LaTeX Font Info:    Redeclaring font encoding T1 on input line 43.
))
No file chirc_project_specification.aux.
\openout1 = `chirc_project_specification.aux'.

LaTeX Font Info:    Checking defaults for OML/cmm/m/it on input line 31.
LaTeX Font Info:    ... okay on input line 31.
LaTeX Font Info:    Checking defaults for T1/cmr/m/n on input line 31.
LaTeX Font Info:    ... okay on input line 31.
LaTeX Font Info:    Checking defaults for OT1/cmr/m/n on input line 31.
LaTeX Font Info:    ... okay on input line 31.
LaTeX Font Info:    Checking defaults for OMS/cmsy/m/n on input line 31.
LaTeX Font Info:    ... okay on input line 31.
LaTeX Font Info:    Checking defaults for OMX/cmex/m/n on input line 31.
LaTeX Font Info:    ... okay on input line 31.
LaTeX Font Info:    Checking defaults for U/cmr/m/n on input line 31.
LaTeX Font Info:    ... okay on input line 31.
LaTeX Font Info:    Checking defaults for PD1/pdf/m/n on input line 31.
LaTeX Font Info:    ... okay on input line 31.
(/usr/share/texlive/texmf-dist/tex/context/base/supp-pdf.mkii
[Loading MPS to PDF converter (version 2006.09.02).]
\scratchcounter=\count102
\scratchdimen=\dimen110
\scratchbox=\box30
\nofMPsegments=\count103
\nofMParguments=\count104
\everyMPshowfont=\toks20
\MPscratchCnt=\count105
\MPscratchDim=\dimen111
\MPnumerator=\count106
\makeMPintoPDFobject=\count107
\everyMPtoPDFconversion=\toks21
) (/usr/share/texlive/texmf-dist/tex/latex/oberdiek/epstopdf-base.sty
Package: epstopdf-base 2010/02/09 v2.5 Base part for package epstopdf

(/usr/share/texlive/texmf-dist/tex/latex/oberdiek/grfext.sty
Package: grfext 2010/08/19 v1.1 Manage graphics extensions (HO)
)
Package grfext Info: Graphics extension search list:
(grfext)             [.png,.pdf,.jpg,.mps,.jpeg,.jbig2,.jb2,.PNG,.PDF,.JPG,.JPE
G,.JBIG2,.JB2,.eps]
(grfext)             \AppendGraphicsExtensions on input line 452.

(/usr/share/texlive/texmf-dist/tex/latex/latexconfig/epstopdf-sys.cfg
File: epstopdf-sys.cfg 2010/07/13 v1.3 Configuration of (r)epstopdf for TeX Liv
e
))
\AtBeginShipoutBox=\box31
Package hyperref Info: Link coloring OFF on input line 31.

(/usr/share/texlive/texmf-dist/tex/latex/hyperref/nameref.sty
Package: nameref 2012/10/27 v2.43 Cross-referencing by name of section

(/usr/share/texlive/texmf-dist/tex/generic/oberdiek/gettitlestring.sty
Package: gettitlestring 2010/12/03 v1.4 Cleanup title references (HO)
)
\c@section@level=\count108
)
LaTeX Info: Redefining \ref on input line 31.
LaTeX Info: Redefining \pageref on input line 31.
LaTeX Info: Redefining \nameref on input line 31.
\@outlinefile=\write5
\openout5 = `chirc_project_specification.out'.

LaTeX Font Info:    External font `cmex10' loaded for size
(Font)              <12> on input line 34.
LaTeX Font Info:    External font `cmex10' loaded for size
(Font)              <8> on input line 34.
LaTeX Font Info:    External font `cmex10' loaded for size
(Font)              <6> on input line 34.


LaTeX Warning: No \author given.

LaTeX Font Info:    External font `cmex10' loaded for size
(Font)              <7> on input line 37.
LaTeX Font Info:    External font `cmex10' loaded for size
(Font)              <5> on input line 37.
LaTeX Font Info:    Try loading font information for T1+cmss on input line 37.
(/usr/share/texlive/texmf-dist/tex/latex/base/t1cmss.fd
File: t1cmss.fd 1999/05/25 v2.5h Standard LaTeX font definitions
)

LaTeX Warning: Reference `sec:irc' on page 1 undefined on input line 47.


LaTeX Warning: Reference `sec:examples' on page 1 undefined on input line 47.


LaTeX Warning: Reference `sec:code' on page 1 undefined on input line 47.


LaTeX Warning: Reference `sec:build' on page 1 undefined on input line 47.


LaTeX Warning: Reference `sec:grading' on page 1 undefined on input line 47.


LaTeX Warning: Reference `sec:proj1c' on page 1 undefined on input line 47.

<architecture1.png, id=4, 472.76625pt x 289.08pt>
File: architecture1.png Graphic file (type png)
 <use architecture1.png>
Package pdftex.def Info: architecture1.png used on input line 56.
(pdftex.def)             Requested size: 241.49895pt x 147.67145pt.


LaTeX Warning: Reference `fig:architecture1' on page 1 undefined on input line 
62.

[1

{/var/lib/texmf/fonts/map/pdftex/updmap/pdftex.map}]
<architecture2.png, id=22, 823.57687pt x 222.07968pt>
File: architecture2.png Graphic file (type png)
 <use architecture2.png>
Package pdftex.def Info: architecture2.png used on input line 66.
(pdftex.def)             Requested size: 345.0pt x 93.02884pt.

[2 <./architecture1.png> <./architecture2.png>]
LaTeX Font Info:    Try loading font information for OMS+cmr on input line 81.

(/usr/share/texlive/texmf-dist/tex/latex/base/omscmr.fd
File: omscmr.fd 1999/05/25 v2.5h Standard LaTeX font definitions
)
LaTeX Font Info:    Font shape `OMS/cmr/m/n' in size <10> not available
(Font)              Font shape `OMS/cmsy/m/n' tried instead on input line 81.

Overfull \hbox (0.83835pt too wide) in paragraph at lines 92--93
[]\T1/cmr/m/n/10 [RFC2811][], which will re-quire im-ple-ment-ing ad-di-tional 
parts of [][RFC2812][].
 []

[3]
LaTeX Font Info:    Try loading font information for T1+cmtt on input line 106.

 (/usr/share/texlive/texmf-dist/tex/latex/base/t1cmtt.fd
File: t1cmtt.fd 1999/05/25 v2.5h Standard LaTeX font definitions
)
Overfull \hbox (2.55905pt too wide) in paragraph at lines 107--108
[]\T1/cmr/m/n/10 The IRC spec-i-fi-ca-tion in-cludes no pro-vi-sions for sup-po
rt-ing mes-sages longer
 []


Overfull \hbox (7.29791pt too wide) in paragraph at lines 116--116
 [][][] 
 []


Overfull \hbox (7.29791pt too wide) in paragraph at lines 124--124
 [][][] 
 []

[4]
Overfull \hbox (7.29791pt too wide) in paragraph at lines 133--133
 [][][] 
 []


Overfull \hbox (118.64731pt too wide) detected at line 154
[] 
 []

<connect.png, id=59, 235.30429pt x 102.42992pt>
File: connect.png Graphic file (type png)
 <use connect.png>
Package pdftex.def Info: connect.png used on input line 167.
(pdftex.def)             Requested size: 241.49895pt x 105.12888pt.


LaTeX Warning: Reference `fig:connect' on page 5 undefined on input line 173.

[5]
Overfull \hbox (73.71136pt too wide) in paragraph at lines 181--182
[]\T1/cmtt/m/n/10 :Welcome to the Internet Relay Network borja!borja$\OT1/cmr/m
/n/10 @$\T1/cmtt/m/n/10 polaris.cs.uchicago.edu\T1/cmr/m/n/10 :
 []


Overfull \hbox (7.29791pt too wide) in paragraph at lines 187--187
 [][][] 
 []

[6 <./connect.png>] <duplicatenick.png, id=74, 622.57594pt x 202.50656pt>
File: duplicatenick.png Graphic file (type png)

<use duplicatenick.png>
Package pdftex.def Info: duplicatenick.png used on input line 196.
(pdftex.def)             Requested size: 241.49895pt x 78.5539pt.


LaTeX Warning: Reference `fig:duplicatenick' on page 7 undefined on input line 
202.

<privmsg.png, id=76, 785.18344pt x 441.14813pt>
File: privmsg.png Graphic file (type png)
 <use privmsg.png>
Package pdftex.def Info: privmsg.png used on input line 217.
(pdftex.def)             Requested size: 345.0pt x 193.83652pt.
 [7 <./duplicatenick.png>]

LaTeX Warning: Reference `fig:privmsg' on page 8 undefined on input line 225.

[8 <./privmsg.png>] <channel_join.png, id=90, 1054.6903pt x 567.62062pt>
File: channel_join.png Graphic file (type png)

<use channel_join.png>
Package pdftex.def Info: channel_join.png used on input line 236.
(pdftex.def)             Requested size: 550.0pt x 295.99588pt.


LaTeX Warning: Reference `fig:channel_join' on page 9 undefined on input line 2
42.

<channel_privmsg.png, id=91, 964.35281pt x 567.62062pt>
File: channel_privmsg.png Graphic file (type png)

<use channel_privmsg.png>
Package pdftex.def Info: channel_privmsg.png used on input line 250.
(pdftex.def)             Requested size: 550.0pt x 323.73766pt.


LaTeX Warning: Reference `fig:channel_privmsg' on page 9 undefined on input lin
e 256.


LaTeX Warning: Reference `fig:privmsg' on page 9 undefined on input line 256.

<channel_part.png, id=92, 980.91469pt x 332.74312pt>
File: channel_part.png Graphic file (type png)
 <use channel_part.png>
Package pdftex.def Info: channel_part.png used on input line 260.
(pdftex.def)             Requested size: 550.0pt x 186.5735pt.


LaTeX Warning: Reference `fig:channel_part' on page 9 undefined on input line 2
66.

LaTeX Font Info:    External font `cmex10' loaded for size
(Font)              <14.4> on input line 268.

Package hyperref Warning: Token not allowed in a PDF string (PDFDocEncoding):
(hyperref)                removing `math shift' on input line 268.


Package hyperref Warning: Token not allowed in a PDF string (PDFDocEncoding):
(hyperref)                removing `\chi' on input line 268.


Package hyperref Warning: Token not allowed in a PDF string (PDFDocEncoding):
(hyperref)                removing `math shift' on input line 268.

[9] [10 <./channel_join.png>] [11 <./channel_privmsg.png>] [12 <./channel_part.
png>]

Package hyperref Warning: Token not allowed in a PDF string (PDFDocEncoding):
(hyperref)                removing `math shift' on input line 280.


Package hyperref Warning: Token not allowed in a PDF string (PDFDocEncoding):
(hyperref)                removing `\chi' on input line 280.


Package hyperref Warning: Token not allowed in a PDF string (PDFDocEncoding):
(hyperref)                removing `math shift' on input line 280.

[13] [14] [15]
Overfull \hbox (7.29791pt too wide) in paragraph at lines 394--394
 [][][] 
 []

[16]
Overfull \hbox (63.4108pt too wide) detected at line 403
[] 
 []


Overfull \hbox (7.29791pt too wide) in paragraph at lines 403--403
 [][][] 
 []


Overfull \hbox (84.65561pt too wide) detected at line 422
[] 
 []


Overfull \hbox (7.29791pt too wide) in paragraph at lines 422--422
 [][][] 
 []

[17]

LaTeX Warning: Reference `fig:connect' on page 18 undefined on input line 434.


LaTeX Warning: Reference `sec:tips' on page 18 undefined on input line 444.

[18]

LaTeX Warning: Reference `sec:privmsg' on page 19 undefined on input line 453.


Overfull \hbox (19.13834pt too wide) in paragraph at lines 465--466
[]\T1/cmr/m/n/10 In the \T1/cmtt/m/n/10 NICK \T1/cmr/m/n/10 mes-sage, you are o
nly ex-pected im-ple-ment the \T1/cmtt/m/n/10 ERR_NICKNAMEINUSE
 []


Overfull \hbox (45.99289pt too wide) in paragraph at lines 467--468
[]\T1/cmr/m/n/10 In the \T1/cmtt/m/n/10 USER \T1/cmr/m/n/10 mes-sage, you are o
nly ex-pected to im-ple-ment the \T1/cmtt/m/n/10 ERR_ALREADYREGISTRED
 []

[19]
Overfull \hbox (7.29791pt too wide) in paragraph at lines 493--493
 [][][] 
 []

LaTeX Font Info:    Font shape `T1/cmtt/bx/n' in size <12> not available
(Font)              Font shape `T1/cmtt/m/n' tried instead on input line 499.
[20] [21]
Overfull \hbox (7.5867pt too wide) in paragraph at lines 571--572
[]\T1/cmr/m/n/10 You must only send back the fol-low-ing replies, in this or-de
r: \T1/cmtt/m/n/10 RPL_WHOISUSER\T1/cmr/m/n/10 ,
 []


Overfull \hbox (9.33627pt too wide) in paragraph at lines 572--573
[]\T1/cmr/m/n/10 You must sup-ply a value for pa-ram-e-ter \T1/cmtt/m/n/10 <ser
ver info> \T1/cmr/m/n/10 in \T1/cmtt/m/n/10 RPL_WHOISSERVER\T1/cmr/m/n/10 ,
 []

[22]

LaTeX Warning: Reference `fig:channel_join' on page 23 undefined on input line 
608.


Overfull \hbox (7.29791pt too wide) in paragraph at lines 614--614
 [][][] 
 []

[23]
Overfull \hbox (22.88852pt too wide) in paragraph at lines 654--655
[]\T1/cmr/m/n/10 You only need to sup-port the \T1/cmtt/m/n/10 ERR_NOTONCHANNEL
\T1/cmr/m/n/10 , \T1/cmtt/m/n/10 RPL_NOTOPIC\T1/cmr/m/n/10 , and \T1/cmtt/m/n/1
0 RPL_TOPIC
 []

LaTeX Font Info:    Font shape `T1/cmtt/bx/n' in size <10> not available
(Font)              Font shape `T1/cmtt/m/n' tried instead on input line 664.
[24]
Overfull \hbox (47.60898pt too wide) in paragraph at lines 698--699
[]\T1/cmr/m/n/10 You only need to sup-port the \T1/cmtt/m/n/10 ERR_UMODEUNKNOWN
FLAG \T1/cmr/m/n/10 and \T1/cmtt/m/n/10 ERR_USERSDONTMATCH
 []

[25]
Overfull \hbox (29.29791pt too wide) in paragraph at lines 703--703
 [][][] 
 []


Overfull \hbox (29.29791pt too wide) in paragraph at lines 709--709
 [][][] 
 []


Overfull \hbox (21.78305pt too wide) in paragraph at lines 722--723
\T1/cmtt/m/n/10 ERR_CHANOPRIVSNEEDED\T1/cmr/m/n/10 , \T1/cmtt/m/n/10 ERR_UNKNOW
NMODE\T1/cmr/m/n/10 , and \T1/cmtt/m/n/10 ERR_USERNOTINCHANNEL\T1/cmr/m/n/10 . 

 []

[26]
Overfull \hbox (13.22311pt too wide) in paragraph at lines 759--760
[]\T1/cmr/m/n/10 You do not need to sup-port the \T1/cmtt/m/n/10 ERR_TOOMANYMAT
CHES \T1/cmr/m/n/10 and \T1/cmtt/m/n/10 ERR_NOSUCHSERVER
 []

[27]
Overfull \hbox (13.22311pt too wide) in paragraph at lines 776--777
[]\T1/cmr/m/n/10 You do not need to sup-port the \T1/cmtt/m/n/10 ERR_TOOMANYMAT
CHES \T1/cmr/m/n/10 and \T1/cmtt/m/n/10 ERR_NOSUCHSERVER
 []

[28]
Overfull \hbox (3.11557pt too wide) in paragraph at lines 803--804
[]\T1/cmtt/m/n/10 ( "H" / "G" > ["*"] [ ( "@" / "+" ) ] \T1/cmr/m/n/10 with-out
 ex-pla-na-tion (fur-ther-
 []

Package atveryend Info: Empty hook `BeforeClearDocument' on input line 824.
[29]
Package atveryend Info: Empty hook `AfterLastShipout' on input line 824.
 (./chirc_project_specification.aux)
Package atveryend Info: Executing hook `AtVeryEndDocument' on input line 824.
Package atveryend Info: Executing hook `AtEndAfterFileList' on input line 824.


Package rerunfilecheck Warning: File `chirc_project_specification.out' has chan
ged.
(rerunfilecheck)                Rerun to get outlines right
(rerunfilecheck)                or use package `bookmark'.

Package rerunfilecheck Info: Checksums for `chirc_project_specification.out':
(rerunfilecheck)             Before: <no file>
(rerunfilecheck)             After:  33EBB64B9D9DB12062936C6A7F142C1F;2360.

LaTeX Warning: There were undefined references.


LaTeX Warning: Label(s) may have changed. Rerun to get cross-references right.

Package atveryend Info: Empty hook `AtVeryVeryEnd' on input line 824.
 ) 
Here is how much of TeX's memory you used:
 6152 strings out of 495028
 90530 string characters out of 6181496
 171765 words of memory out of 5000000
 9219 multiletter control sequences out of 15000+600000
 19541 words of font info for 45 fonts, out of 8000000 for 9000
 14 hyphenation exceptions out of 8191
 29i,8n,31p,978b,456s stack positions out of 5000i,500n,10000p,200000b,80000s
 </home/willem/.texmf-var/fonts/pk/ljfour/jknappen/ec/ectt1200.600pk> </home/
willem/.texmf-var/fonts/pk/ljfour/jknappen/ec/ecss1200.600pk> </home/willem/.te
xmf-var/fonts/pk/ljfour/jknappen/ec/ecss1440.600pk> </home/willem/.texmf-var/fo
nts/pk/ljfour/jknappen/ec/ecit1000.600pk> </home/willem/.texmf-var/fonts/pk/ljf
our/jknappen/ec/ecit0800.600pk> </home/willem/.texmf-var/fonts/pk/ljfour/jknapp
en/ec/ecsx1440.600pk> </home/willem/.texmf-var/fonts/pk/ljfour/jknappen/ec/ectt
0800.600pk> </home/willem/.texmf-var/fonts/pk/ljfour/jknappen/ec/ectt1000.600pk
> </home/willem/.texmf-var/fonts/pk/ljfour/jknappen/ec/ecbx1200.600pk> </home/w
illem/.texmf-var/fonts/pk/ljfour/jknappen/ec/ecti1000.600pk> </home/willem/.tex
mf-var/fonts/pk/ljfour/jknappen/ec/ecbx1000.600pk> </home/willem/.texmf-var/fon
ts/pk/ljfour/jknappen/ec/ecss1000.600pk> </home/willem/.texmf-var/fonts/pk/ljfo
ur/jknappen/ec/ecrm1000.600pk> </home/willem/.texmf-var/fonts/pk/ljfour/jknappe
n/ec/ecbx1440.600pk> </home/willem/.texmf-var/fonts/pk/ljfour/jknappen/ec/ecrm1
200.600pk> </home/willem/.texmf-var/fonts/pk/ljfour/jknappen/ec/ecrm1728.600pk>
</usr/share/texlive/texmf-dist/fonts/type1/public/amsfonts/cm/cmmi10.pfb></usr/
share/texlive/texmf-dist/fonts/type1/public/amsfonts/cm/cmmi12.pfb></usr/share/
texlive/texmf-dist/fonts/type1/public/amsfonts/cm/cmr10.pfb></usr/share/texlive
/texmf-dist/fonts/type1/public/amsfonts/cm/cmsy10.pfb>
Output written on chirc_project_specification.pdf (29 pages, 573518 bytes).
PDF statistics:
 825 PDF objects out of 1000 (max. 8388607)
 281 compressed objects within 3 object streams
 77 named destinations out of 1000 (max. 500000)
 41 words of extra memory for PDF output out of 10000 (max. 10000000)

